<?xml version="1.0" encoding="UTF-8"?>
<!-- Generated by org.testng.reporters.JUnitReportReporter -->
<testsuite name="com.RestAssured.RestAssuredPOJO" tests="1" time="0.271" ignored="0" failures="0" timestamp="25 May 2017 20:18:08 GMT" skipped="0" hostname="CTSTX34526" errors="0">
  <testcase name="jparser" time="0.271" classname="com.RestAssured.RestAssuredPOJO"/>
</testsuite> <!-- com.RestAssured.RestAssuredPOJO -->
