<?xml version="1.0" encoding="UTF-8"?>
<!-- Generated by org.testng.reporters.JUnitReportReporter -->
<testsuite name="com.RestAssured.RestAssuredtest" tests="6" time="2.558" ignored="0" failures="0" timestamp="25 May 2017 20:18:08 GMT" skipped="0" hostname="CTSTX34526" errors="0">
  <testcase name="firstTest" time="0.518" classname="com.RestAssured.RestAssuredtest"/>
  <testcase name="fifthTest" time="1.641" classname="com.RestAssured.RestAssuredtest"/>
  <testcase name="fourthTest" time="0.049" classname="com.RestAssured.RestAssuredtest"/>
  <testcase name="secondTest" time="0.083" classname="com.RestAssured.RestAssuredtest"/>
  <testcase name="sixthTest" time="0.120" classname="com.RestAssured.RestAssuredtest"/>
  <testcase name="thirdTest" time="0.147" classname="com.RestAssured.RestAssuredtest"/>
</testsuite> <!-- com.RestAssured.RestAssuredtest -->
